<?xml version="1.0"?>
<!DOCTYPE coverage SYSTEM "http://cobertura.sourceforge.net/xml/coverage-04.dtd">
<coverage 
line-rate="0.15" lines-valid="123" lines-covered="18" branches-valid="8" branches-covered="2" branch-rate="0.25" complexity="0" version="1.0" timestamp="1485953824544">
    <sources>
        <source>--source</source>
        <source>C:/Users/gitik/Downloads/Documents/Gitika/Knoldus/crud-app/src/main/scala-2.12</source>
        <source>C:/Users/gitik/Downloads/Documents/Gitika/Knoldus/crud-app/src/main/scala</source>
        <source>C:/Users/gitik/Downloads/Documents/Gitika/Knoldus/crud-app/src/main/java</source>
    </sources>
    <packages>
        <package name="edu.knoldus" line-rate="0.15" branch-rate="0.25" complexity="0">
            <classes>
                <class 
                name="edu.knoldus.DepartmentOperation" filename="edu/knoldus/DepartmentOperation.scala" line-rate="0.00" branch-rate="0.00" complexity="0">
                    <methods>
                        <method 
                        name="edu.knoldus/DepartmentOperation/create" signature="()V" line-rate="0.00" branch-rate="0.00" complexity="0">
                            <lines>
                                <line number="31" hits="0" branch="false"/>
                                <line number="18" hits="0" branch="false"/>
                                <line number="16" hits="0" branch="false"/>
                                <line number="25" hits="0" branch="false"/>
                                <line number="26" hits="0" branch="false"/>
                                <line number="17" hits="0" branch="false"/>
                                <line number="20" hits="0" branch="false"/>
                                <line number="25" hits="0" branch="false"/>
                                <line number="25" hits="0" branch="false"/>
                                <line number="14" hits="0" branch="false"/>
                                <line number="25" hits="0" branch="false"/>
                                <line number="32" hits="0" branch="false"/>
                                <line number="19" hits="0" branch="false"/>
                            </lines>
</method>
                        <method 
                        name="edu.knoldus/DepartmentOperation/&lt;none&gt;" signature="()V" line-rate="0.00" branch-rate="0.00" complexity="0">
                            <lines>
                                <line number="10" hits="0" branch="false"/>
                            </lines>
</method>
                    </methods>
                    <lines>
                        <line number="31" hits="0" branch="false"/>
                        <line number="18" hits="0" branch="false"/>
                        <line number="16" hits="0" branch="false"/>
                        <line number="10" hits="0" branch="false"/>
                        <line number="25" hits="0" branch="false"/>
                        <line number="26" hits="0" branch="false"/>
                        <line number="17" hits="0" branch="false"/>
                        <line number="20" hits="0" branch="false"/>
                        <line number="25" hits="0" branch="false"/>
                        <line number="25" hits="0" branch="false"/>
                        <line number="14" hits="0" branch="false"/>
                        <line number="25" hits="0" branch="false"/>
                        <line number="32" hits="0" branch="false"/>
                        <line number="19" hits="0" branch="false"/>
                    </lines>
</class>
                <class 
                name="edu.knoldus.ConnectionFactory" filename="edu/knoldus/ConnectionFactory.scala" line-rate="0.62" branch-rate="1.00" complexity="0">
                    <methods>
                        <method 
                        name="edu.knoldus/ConnectionFactory/getConnection" signature="()V" line-rate="0.62" branch-rate="1.00" complexity="0">
                            <lines>
                                <line number="22" hits="0" branch="false"/>
                                <line number="18" hits="1" branch="false"/>
                                <line number="12" hits="1" branch="false"/>
                                <line number="21" hits="0" branch="false"/>
                                <line number="15" hits="1" branch="false"/>
                                <line number="14" hits="1" branch="false"/>
                                <line number="21" hits="0" branch="false"/>
                                <line number="17" hits="1" branch="false"/>
                                <line number="21" hits="0" branch="false"/>
                                <line number="11" hits="1" branch="false"/>
                                <line number="21" hits="0" branch="false"/>
                                <line number="13" hits="1" branch="false"/>
                                <line number="16" hits="1" branch="false"/>
                            </lines>
</method>
                    </methods>
                    <lines>
                        <line number="22" hits="0" branch="false"/>
                        <line number="18" hits="1" branch="false"/>
                        <line number="12" hits="1" branch="false"/>
                        <line number="21" hits="0" branch="false"/>
                        <line number="15" hits="1" branch="false"/>
                        <line number="14" hits="1" branch="false"/>
                        <line number="21" hits="0" branch="false"/>
                        <line number="17" hits="1" branch="false"/>
                        <line number="21" hits="0" branch="false"/>
                        <line number="11" hits="1" branch="false"/>
                        <line number="21" hits="0" branch="false"/>
                        <line number="13" hits="1" branch="false"/>
                        <line number="16" hits="1" branch="false"/>
                    </lines>
</class>
                <class 
                name="edu.knoldus.ProjectOperation" filename="edu/knoldus/ProjectOperation.scala" line-rate="0.00" branch-rate="0.00" complexity="0">
                    <methods>
                        <method 
                        name="edu.knoldus/ProjectOperation/&lt;none&gt;" signature="()V" line-rate="0.00" branch-rate="0.00" complexity="0">
                            <lines>
                                <line number="8" hits="0" branch="false"/>
                            </lines>
</method>
                        <method name="edu.knoldus/ProjectOperation/create" signature="()V" line-rate="0.00" branch-rate="0.00" complexity="0">
                            <lines>
                                <line number="18" hits="0" branch="false"/>
                                <line number="24" hits="0" branch="false"/>
                                <line number="14" hits="0" branch="false"/>
                                <line number="17" hits="0" branch="false"/>
                                <line number="20" hits="0" branch="false"/>
                                <line number="19" hits="0" branch="false"/>
                                <line number="25" hits="0" branch="false"/>
                                <line number="16" hits="0" branch="false"/>
                            </lines>
                        </method>
                    </methods>
                    <lines>
                        <line number="18" hits="0" branch="false"/>
                        <line number="24" hits="0" branch="false"/>
                        <line number="14" hits="0" branch="false"/>
                        <line number="8" hits="0" branch="false"/>
                        <line number="17" hits="0" branch="false"/>
                        <line number="20" hits="0" branch="false"/>
                        <line number="19" hits="0" branch="false"/>
                        <line number="25" hits="0" branch="false"/>
                        <line number="16" hits="0" branch="false"/>
                    </lines>
</class>
                <class 
                name="edu.knoldus.CrudMain" filename="edu/knoldus/CrudMain.scala" line-rate="0.00" branch-rate="0.00" complexity="0">
                    <methods>
                        <method name="edu.knoldus/CrudMain/main" signature="()V" line-rate="0.00" branch-rate="0.00" complexity="0">
                            <lines>
                                <line number="10" hits="0" branch="false"/>
                                <line number="9" hits="0" branch="false"/>
                                <line number="24" hits="0" branch="false"/>
                                <line number="11" hits="0" branch="false"/>
                                <line number="8" hits="0" branch="false"/>
                            </lines>
                        </method>
                    </methods>
                    <lines>
                        <line number="10" hits="0" branch="false"/>
                        <line number="9" hits="0" branch="false"/>
                        <line number="24" hits="0" branch="false"/>
                        <line number="11" hits="0" branch="false"/>
                        <line number="8" hits="0" branch="false"/>
                    </lines>
</class>
                <class 
                name="edu.knoldus.ClientOperation" filename="edu/knoldus/ClientOperation.scala" line-rate="0.00" branch-rate="0.00" complexity="0">
                    <methods>
                        <method 
                        name="edu.knoldus/ClientOperation/&lt;none&gt;" signature="()V" line-rate="0.00" branch-rate="0.00" complexity="0">
                            <lines>
                                <line number="8" hits="0" branch="false"/>
                            </lines>
</method>
                        <method name="edu.knoldus/ClientOperation/create" signature="()V" line-rate="0.00" branch-rate="0.00" complexity="0">
                            <lines>
                                <line number="21" hits="0" branch="false"/>
                                <line number="14" hits="0" branch="false"/>
                                <line number="18" hits="0" branch="false"/>
                                <line number="17" hits="0" branch="false"/>
                                <line number="20" hits="0" branch="false"/>
                                <line number="26" hits="0" branch="false"/>
                                <line number="25" hits="0" branch="false"/>
                                <line number="16" hits="0" branch="false"/>
                                <line number="19" hits="0" branch="false"/>
                            </lines>
                        </method>
                    </methods>
                    <lines>
                        <line number="21" hits="0" branch="false"/>
                        <line number="14" hits="0" branch="false"/>
                        <line number="18" hits="0" branch="false"/>
                        <line number="17" hits="0" branch="false"/>
                        <line number="20" hits="0" branch="false"/>
                        <line number="26" hits="0" branch="false"/>
                        <line number="8" hits="0" branch="false"/>
                        <line number="25" hits="0" branch="false"/>
                        <line number="16" hits="0" branch="false"/>
                        <line number="19" hits="0" branch="false"/>
                    </lines>
</class>
                <class 
                name="edu.knoldus.EmployeeOperation" filename="edu/knoldus/EmployeeOperation.scala" line-rate="0.14" branch-rate="0.17" complexity="0">
                    <methods>
                        <method name="edu.knoldus/EmployeeOperation/read" signature="()V" line-rate="0.00" branch-rate="0.00" complexity="0">
                            <lines>
                                <line number="95" hits="0" branch="false"/>
                                <line number="104" hits="0" branch="false"/>
                                <line number="110" hits="0" branch="false"/>
                                <line number="99" hits="0" branch="false"/>
                                <line number="97" hits="0" branch="false"/>
                                <line number="116" hits="0" branch="false"/>
                                <line number="89" hits="0" branch="false"/>
                                <line number="102" hits="0" branch="false"/>
                                <line number="92" hits="0" branch="false"/>
                                <line number="97" hits="0" branch="false"/>
                                <line number="104" hits="0" branch="false"/>
                                <line number="94" hits="0" branch="false"/>
                                <line number="110" hits="0" branch="false"/>
                                <line number="98" hits="0" branch="false"/>
                                <line number="97" hits="0" branch="false"/>
                                <line number="111" hits="0" branch="false"/>
                                <line number="101" hits="0" branch="false"/>
                                <line number="100" hits="0" branch="false"/>
                                <line number="97" hits="0" branch="false"/>
                                <line number="117" hits="0" branch="false"/>
                                <line number="103" hits="0" branch="false"/>
                                <line number="93" hits="0" branch="false"/>
                                <line number="110" hits="0" branch="false"/>
                                <line number="97" hits="0" branch="false"/>
                                <line number="104" hits="0" branch="false"/>
                                <line number="110" hits="0" branch="false"/>
                            </lines>
                        </method>
                        <method name="edu.knoldus/EmployeeOperation/update" signature="()V" line-rate="0.00" branch-rate="0.00" complexity="0">
                            <lines>
                                <line number="51" hits="0" branch="false"/>
                                <line number="45" hits="0" branch="false"/>
                                <line number="55" hits="0" branch="false"/>
                                <line number="56" hits="0" branch="false"/>
                                <line number="48" hits="0" branch="false"/>
                                <line number="47" hits="0" branch="false"/>
                                <line number="55" hits="0" branch="false"/>
                                <line number="50" hits="0" branch="false"/>
                                <line number="61" hits="0" branch="false"/>
                                <line number="55" hits="0" branch="false"/>
                                <line number="44" hits="0" branch="false"/>
                                <line number="39" hits="0" branch="false"/>
                                <line number="42" hits="0" branch="false"/>
                                <line number="46" hits="0" branch="false"/>
                                <line number="55" hits="0" branch="false"/>
                                <line number="60" hits="0" branch="false"/>
                                <line number="49" hits="0" branch="false"/>
                            </lines>
                        </method>
                        <method name="edu.knoldus/EmployeeOperation/delete" signature="()V" line-rate="0.00" branch-rate="0.00" complexity="0">
                            <lines>
                                <line number="77" hits="0" branch="false"/>
                                <line number="78" hits="0" branch="false"/>
                                <line number="67" hits="0" branch="false"/>
                                <line number="73" hits="0" branch="false"/>
                                <line number="77" hits="0" branch="false"/>
                                <line number="77" hits="0" branch="false"/>
                                <line number="72" hits="0" branch="false"/>
                                <line number="83" hits="0" branch="false"/>
                                <line number="82" hits="0" branch="false"/>
                                <line number="71" hits="0" branch="false"/>
                                <line number="70" hits="0" branch="false"/>
                                <line number="77" hits="0" branch="false"/>
                            </lines>
                        </method>
                        <method name="edu.knoldus/EmployeeOperation/create" signature="()V" line-rate="0.59" branch-rate="1.00" complexity="0">
                            <lines>
                                <line number="32" hits="0" branch="false"/>
                                <line number="21" hits="1" branch="false"/>
                                <line number="26" hits="0" branch="false"/>
                                <line number="15" hits="1" branch="false"/>
                                <line number="26" hits="0" branch="false"/>
                                <line number="18" hits="1" branch="false"/>
                                <line number="17" hits="1" branch="false"/>
                                <line number="26" hits="0" branch="false"/>
                                <line number="31" hits="0" branch="false"/>
                                <line number="20" hits="1" branch="false"/>
                                <line number="11" hits="1" branch="false"/>
                                <line number="14" hits="1" branch="false"/>
                                <line number="16" hits="1" branch="false"/>
                                <line number="26" hits="0" branch="false"/>
                                <line number="27" hits="0" branch="false"/>
                                <line number="19" hits="1" branch="false"/>
                                <line number="22" hits="1" branch="false"/>
                            </lines>
                        </method>
                    </methods>
                    <lines>
                        <line number="95" hits="0" branch="false"/>
                        <line number="104" hits="0" branch="false"/>
                        <line number="77" hits="0" branch="false"/>
                        <line number="110" hits="0" branch="false"/>
                        <line number="99" hits="0" branch="false"/>
                        <line number="97" hits="0" branch="false"/>
                        <line number="78" hits="0" branch="false"/>
                        <line number="67" hits="0" branch="false"/>
                        <line number="32" hits="0" branch="false"/>
                        <line number="21" hits="1" branch="false"/>
                        <line number="116" hits="0" branch="false"/>
                        <line number="51" hits="0" branch="false"/>
                        <line number="26" hits="0" branch="false"/>
                        <line number="45" hits="0" branch="false"/>
                        <line number="15" hits="1" branch="false"/>
                        <line number="89" hits="0" branch="false"/>
                        <line number="73" hits="0" branch="false"/>
                        <line number="55" hits="0" branch="false"/>
                        <line number="102" hits="0" branch="false"/>
                        <line number="92" hits="0" branch="false"/>
                        <line number="56" hits="0" branch="false"/>
                        <line number="26" hits="0" branch="false"/>
                        <line number="18" hits="1" branch="false"/>
                        <line number="48" hits="0" branch="false"/>
                        <line number="97" hits="0" branch="false"/>
                        <line number="17" hits="1" branch="false"/>
                        <line number="104" hits="0" branch="false"/>
                        <line number="94" hits="0" branch="false"/>
                        <line number="77" hits="0" branch="false"/>
                        <line number="110" hits="0" branch="false"/>
                        <line number="26" hits="0" branch="false"/>
                        <line number="47" hits="0" branch="false"/>
                        <line number="55" hits="0" branch="false"/>
                        <line number="31" hits="0" branch="false"/>
                        <line number="50" hits="0" branch="false"/>
                        <line number="77" hits="0" branch="false"/>
                        <line number="98" hits="0" branch="false"/>
                        <line number="20" hits="1" branch="false"/>
                        <line number="97" hits="0" branch="false"/>
                        <line number="61" hits="0" branch="false"/>
                        <line number="111" hits="0" branch="false"/>
                        <line number="101" hits="0" branch="false"/>
                        <line number="72" hits="0" branch="false"/>
                        <line number="83" hits="0" branch="false"/>
                        <line number="55" hits="0" branch="false"/>
                        <line number="11" hits="1" branch="false"/>
                        <line number="14" hits="1" branch="false"/>
                        <line number="44" hits="0" branch="false"/>
                        <line number="39" hits="0" branch="false"/>
                        <line number="82" hits="0" branch="false"/>
                        <line number="100" hits="0" branch="false"/>
                        <line number="97" hits="0" branch="false"/>
                        <line number="117" hits="0" branch="false"/>
                        <line number="42" hits="0" branch="false"/>
                        <line number="71" hits="0" branch="false"/>
                        <line number="103" hits="0" branch="false"/>
                        <line number="46" hits="0" branch="false"/>
                        <line number="93" hits="0" branch="false"/>
                        <line number="16" hits="1" branch="false"/>
                        <line number="26" hits="0" branch="false"/>
                        <line number="70" hits="0" branch="false"/>
                        <line number="55" hits="0" branch="false"/>
                        <line number="110" hits="0" branch="false"/>
                        <line number="27" hits="0" branch="false"/>
                        <line number="19" hits="1" branch="false"/>
                        <line number="77" hits="0" branch="false"/>
                        <line number="97" hits="0" branch="false"/>
                        <line number="104" hits="0" branch="false"/>
                        <line number="60" hits="0" branch="false"/>
                        <line number="110" hits="0" branch="false"/>
                        <line number="49" hits="0" branch="false"/>
                        <line number="22" hits="1" branch="false"/>
                    </lines>
</class>
            </classes>
        </package>
    </packages>
</coverage>
